Performing C++ SOURCE FILE Test COMPILER_SUPPORTS_CXX0X failed with the following output:
Change Dir: C:/Allo/MAT201B-2019/MAT201B-yujnkm/Assignments/build/color_spaces/Release/CMakeFiles/CMakeTmp

Run Build Command:"C:/Program Files (x86)/Microsoft Visual Studio/2017/BuildTools/MSBuild/15.0/Bin/MSBuild.exe" "cmTC_7b5fc.vcxproj" "/p:Configuration=Debug" "/p:Platform=x64" "/p:VisualStudioVersion=15.0"
Microsoft (R) Build Engine version 15.9.21+g9802d43bc3 for .NET Framework
Copyright (C) Microsoft Corporation. All rights reserved.

Build started 1/22/2019 2:20:28 PM.
Project "C:\Allo\MAT201B-2019\MAT201B-yujnkm\Assignments\build\color_spaces\Release\CMakeFiles\CMakeTmp\cmTC_7b5fc.vcxproj" on node 1 (default targets).
PrepareForBuild:
  Creating directory "cmTC_7b5fc.dir\Debug\".
  Creating directory "C:\Allo\MAT201B-2019\MAT201B-yujnkm\Assignments\build\color_spaces\Release\CMakeFiles\CMakeTmp\Debug\".
  Creating directory "cmTC_7b5fc.dir\Debug\cmTC_7b5fc.tlog\".
InitializeBuildStatus:
  Creating "cmTC_7b5fc.dir\Debug\cmTC_7b5fc.tlog\unsuccessfulbuild" because "AlwaysCreate" was specified.
ClCompile:
  C:\Program Files (x86)\Microsoft Visual Studio\2017\BuildTools\VC\Tools\MSVC\14.16.27023\bin\HostX86\x64\CL.exe /c /Zi /W3 /WX- /diagnostics:classic /Od /Ob0 /D WIN32 /D _WINDOWS /D COMPILER_SUPPORTS_CXX0X /D "CMAKE_INTDIR=\"Debug\"" /D _MBCS /Gm- /EHsc /RTC1 /MDd /GS /fp:precise /Zc:wchar_t /Zc:forScope /Zc:inline /GR /Fo"cmTC_7b5fc.dir\Debug\\" /Fd"cmTC_7b5fc.dir\Debug\vc141.pdb" /Gd /TP /errorReport:queue  -std=c++0x "C:\Allo\MAT201B-2019\MAT201B-yujnkm\Assignments\build\color_spaces\Release\CMakeFiles\CMakeTmp\src.cxx"
  Microsoft (R) C/C++ Optimizing Compiler Version 19.16.27026.1 for x64
  Copyright (C) Microsoft Corporation.  All rights reserved.
  
  cl /c /Zi /W3 /WX- /diagnostics:classic /Od /Ob0 /D WIN32 /D _WINDOWS /D COMPILER_SUPPORTS_CXX0X /D "CMAKE_INTDIR=\"Debug\"" /D _MBCS /Gm- /EHsc /RTC1 /MDd /GS /fp:precise /Zc:wchar_t /Zc:forScope /Zc:inline /GR /Fo"cmTC_7b5fc.dir\Debug\\" /Fd"cmTC_7b5fc.dir\Debug\vc141.pdb" /Gd /TP /errorReport:queue  -std=c++0x "C:\Allo\MAT201B-2019\MAT201B-yujnkm\Assignments\build\color_spaces\Release\CMakeFiles\CMakeTmp\src.cxx"
  src.cxx
  
cl : Command line warning D9002: ignoring unknown option '-std=c++0x' [C:\Allo\MAT201B-2019\MAT201B-yujnkm\Assignments\build\color_spaces\Release\CMakeFiles\CMakeTmp\cmTC_7b5fc.vcxproj]
Link:
  C:\Program Files (x86)\Microsoft Visual Studio\2017\BuildTools\VC\Tools\MSVC\14.16.27023\bin\HostX86\x64\link.exe /ERRORREPORT:QUEUE /OUT:"C:\Allo\MAT201B-2019\MAT201B-yujnkm\Assignments\build\color_spaces\Release\CMakeFiles\CMakeTmp\Debug\cmTC_7b5fc.exe" /INCREMENTAL /NOLOGO kernel32.lib user32.lib gdi32.lib winspool.lib shell32.lib ole32.lib oleaut32.lib uuid.lib comdlg32.lib advapi32.lib /MANIFEST /MANIFESTUAC:"level='asInvoker' uiAccess='false'" /manifest:embed /DEBUG /PDB:"C:/Allo/MAT201B-2019/MAT201B-yujnkm/Assignments/build/color_spaces/Release/CMakeFiles/CMakeTmp/Debug/cmTC_7b5fc.pdb" /SUBSYSTEM:CONSOLE /TLBID:1 /DYNAMICBASE /NXCOMPAT /IMPLIB:"C:/Allo/MAT201B-2019/MAT201B-yujnkm/Assignments/build/color_spaces/Release/CMakeFiles/CMakeTmp/Debug/cmTC_7b5fc.lib" /MACHINE:X64  /machine:x64 cmTC_7b5fc.dir\Debug\src.obj
  cmTC_7b5fc.vcxproj -> C:\Allo\MAT201B-2019\MAT201B-yujnkm\Assignments\build\color_spaces\Release\CMakeFiles\CMakeTmp\Debug\cmTC_7b5fc.exe
FinalizeBuildStatus:
  Deleting file "cmTC_7b5fc.dir\Debug\cmTC_7b5fc.tlog\unsuccessfulbuild".
  Touching "cmTC_7b5fc.dir\Debug\cmTC_7b5fc.tlog\cmTC_7b5fc.lastbuildstate".
Done Building Project "C:\Allo\MAT201B-2019\MAT201B-yujnkm\Assignments\build\color_spaces\Release\CMakeFiles\CMakeTmp\cmTC_7b5fc.vcxproj" (default targets).

Build succeeded.

"C:\Allo\MAT201B-2019\MAT201B-yujnkm\Assignments\build\color_spaces\Release\CMakeFiles\CMakeTmp\cmTC_7b5fc.vcxproj" (default target) (1) ->
(ClCompile target) -> 
  cl : Command line warning D9002: ignoring unknown option '-std=c++0x' [C:\Allo\MAT201B-2019\MAT201B-yujnkm\Assignments\build\color_spaces\Release\CMakeFiles\CMakeTmp\cmTC_7b5fc.vcxproj]

    1 Warning(s)
    0 Error(s)

Time Elapsed 00:00:01.50

Source file was:
int main() { return 0; }
Determining if the include file pthread.h exists failed with the following output:
Change Dir: C:/Allo/MAT201B-2019/MAT201B-yujnkm/Assignments/build/color_spaces/Release/CMakeFiles/CMakeTmp

Run Build Command:"C:/Program Files (x86)/Microsoft Visual Studio/2017/BuildTools/MSBuild/15.0/Bin/MSBuild.exe" "cmTC_2d857.vcxproj" "/p:Configuration=Debug" "/p:Platform=x64" "/p:VisualStudioVersion=15.0"
Microsoft (R) Build Engine version 15.9.21+g9802d43bc3 for .NET Framework
Copyright (C) Microsoft Corporation. All rights reserved.

Build started 1/22/2019 2:20:30 PM.
Project "C:\Allo\MAT201B-2019\MAT201B-yujnkm\Assignments\build\color_spaces\Release\CMakeFiles\CMakeTmp\cmTC_2d857.vcxproj" on node 1 (default targets).
PrepareForBuild:
  Creating directory "cmTC_2d857.dir\Debug\".
  Creating directory "C:\Allo\MAT201B-2019\MAT201B-yujnkm\Assignments\build\color_spaces\Release\CMakeFiles\CMakeTmp\Debug\".
  Creating directory "cmTC_2d857.dir\Debug\cmTC_2d857.tlog\".
InitializeBuildStatus:
  Creating "cmTC_2d857.dir\Debug\cmTC_2d857.tlog\unsuccessfulbuild" because "AlwaysCreate" was specified.
ClCompile:
  C:\Program Files (x86)\Microsoft Visual Studio\2017\BuildTools\VC\Tools\MSVC\14.16.27023\bin\HostX86\x64\CL.exe /c /Zi /W3 /WX- /diagnostics:classic /Od /Ob0 /D WIN32 /D _WINDOWS /D "CMAKE_INTDIR=\"Debug\"" /D _MBCS /Gm- /RTC1 /MDd /GS /fp:precise /Zc:wchar_t /Zc:forScope /Zc:inline /Fo"cmTC_2d857.dir\Debug\\" /Fd"cmTC_2d857.dir\Debug\vc141.pdb" /Gd /TC /errorReport:queue "C:\Allo\MAT201B-2019\MAT201B-yujnkm\Assignments\build\color_spaces\Release\CMakeFiles\CMakeTmp\CheckIncludeFile.c"
  Microsoft (R) C/C++ Optimizing Compiler Version 19.16.27026.1 for x64
  Copyright (C) Microsoft Corporation.  All rights reserved.
  
  cl /c /Zi /W3 /WX- /diagnostics:classic /Od /Ob0 /D WIN32 /D _WINDOWS /D "CMAKE_INTDIR=\"Debug\"" /D _MBCS /Gm- /RTC1 /MDd /GS /fp:precise /Zc:wchar_t /Zc:forScope /Zc:inline /Fo"cmTC_2d857.dir\Debug\\" /Fd"cmTC_2d857.dir\Debug\vc141.pdb" /Gd /TC /errorReport:queue "C:\Allo\MAT201B-2019\MAT201B-yujnkm\Assignments\build\color_spaces\Release\CMakeFiles\CMakeTmp\CheckIncludeFile.c"
  CheckIncludeFile.c
  
C:\Allo\MAT201B-2019\MAT201B-yujnkm\Assignments\build\color_spaces\Release\CMakeFiles\CMakeTmp\CheckIncludeFile.c(1): fatal error C1083: Cannot open include file: 'pthread.h': No such file or directory [C:\Allo\MAT201B-2019\MAT201B-yujnkm\Assignments\build\color_spaces\Release\CMakeFiles\CMakeTmp\cmTC_2d857.vcxproj]
Done Building Project "C:\Allo\MAT201B-2019\MAT201B-yujnkm\Assignments\build\color_spaces\Release\CMakeFiles\CMakeTmp\cmTC_2d857.vcxproj" (default targets) -- FAILED.

Build FAILED.

"C:\Allo\MAT201B-2019\MAT201B-yujnkm\Assignments\build\color_spaces\Release\CMakeFiles\CMakeTmp\cmTC_2d857.vcxproj" (default target) (1) ->
(ClCompile target) -> 
  C:\Allo\MAT201B-2019\MAT201B-yujnkm\Assignments\build\color_spaces\Release\CMakeFiles\CMakeTmp\CheckIncludeFile.c(1): fatal error C1083: Cannot open include file: 'pthread.h': No such file or directory [C:\Allo\MAT201B-2019\MAT201B-yujnkm\Assignments\build\color_spaces\Release\CMakeFiles\CMakeTmp\cmTC_2d857.vcxproj]

    0 Warning(s)
    1 Error(s)

Time Elapsed 00:00:00.62


